<?xml version="1.0" encoding="UTF-8"?>
<testsuite name="PhoneBookTest" tests="1" skipped="0" failures="0" errors="0" timestamp="2020-08-05T02:25:48" hostname="hsk" time="73.112">
  <properties/>
  <testcase name="start" classname="PhoneBookTest" time="73.112"/>
  <system-out><![CDATA[?[1;31m
Start test 1?[0m
Start searching (linear search)...
Found 500 / 500 entries. Time taken: 0 min. 05 sec. 883 ms.

Start searching (bubble sort + jump search)...
Found 500 / 500 entries. Time taken: 1 min. 04 sec. 723 ms.
Sorting time: 0 min. 58 sec. 835 ms. - STOPPED, moved to linear search
Searching time: 0 min. 05 sec. 888 ms.

Start searching (quick sort + binary search)...
Found 500 / 500 entries. Time taken: 0 min. 01 sec. 370 ms.
Sorting time: 0 min. 01 sec. 367 ms.
Searching time: 0 min. 00 sec. 3 ms.
Start searching (hash table)...
Found 500 / 500 entries. Time taken: 0 min. 00 sec. 516 ms.
Creating time: 0 min. 00 sec. 515 ms.
Searching time: 0 min. 00 sec. 1 ms.
]]></system-out>
  <system-err><![CDATA[]]></system-err>
</testsuite>
