<?xml version="1.0" encoding="UTF-8"?>
<testsuite name="MinesweeperTest" tests="1" skipped="0" failures="0" errors="0" timestamp="2020-08-01T12:30:53" hostname="hsk" time="1.654">
  <properties/>
  <testcase name="start" classname="MinesweeperTest" time="1.654"/>
  <system-out><![CDATA[?[1;31m
Start test 1?[0m
How many mines do you want on the field?> 1
Congratulations! You found all the mines!
?[1;31m
Start test 2?[0m
How many mines do you want on the field?> 1
Congratulations! You found all the mines!
?[1;31m
Start test 3?[0m
How many mines do you want on the field?> 1
Congratulations! You found all the mines!
?[1;31m
Start test 4?[0m
How many mines do you want on the field?> 1
Congratulations! You found all the mines!
?[1;31m
Start test 5?[0m
How many mines do you want on the field?> 1
Congratulations! You found all the mines!
?[1;31m
Start test 6?[0m
How many mines do you want on the field?> 1
Congratulations! You found all the mines!
?[1;31m
Start test 7?[0m
How many mines do you want on the field?> 1
Congratulations! You found all the mines!
?[1;31m
Start test 8?[0m
How many mines do you want on the field?> 1
Congratulations! You found all the mines!
?[1;31m
Start test 9?[0m
How many mines do you want on the field?> 1
Congratulations! You found all the mines!
?[1;31m
Start test 10?[0m
How many mines do you want on the field?> 1
Congratulations! You found all the mines!
?[1;31m
Start test 11?[0m
How many mines do you want on the field?> 1
Congratulations! You found all the mines!
?[1;31m
Start test 12?[0m
How many mines do you want on the field?> 1
Congratulations! You found all the mines!
?[1;31m
Start test 13?[0m
How many mines do you want on the field?> 1
Congratulations! You found all the mines!
?[1;31m
Start test 14?[0m
How many mines do you want on the field?> 1
Congratulations! You found all the mines!
?[1;31m
Start test 15?[0m
How many mines do you want on the field?> 1
Congratulations! You found all the mines!
?[1;31m
Start test 16?[0m
How many mines do you want on the field?> 1
Congratulations! You found all the mines!
?[1;31m
Start test 17?[0m
How many mines do you want on the field?> 1
Congratulations! You found all the mines!
?[1;31m
Start test 18?[0m
How many mines do you want on the field?> 1
Congratulations! You found all the mines!
?[1;31m
Start test 19?[0m
How many mines do you want on the field?> 1
Congratulations! You found all the mines!
?[1;31m
Start test 20?[0m
How many mines do you want on the field?> 1
Congratulations! You found all the mines!
?[1;31m
Start test 21?[0m
How many mines do you want on the field?> 2
Congratulations! You found all the mines!
?[1;31m
Start test 22?[0m
How many mines do you want on the field?> 2
Congratulations! You found all the mines!
?[1;31m
Start test 23?[0m
How many mines do you want on the field?> 2
Congratulations! You found all the mines!
?[1;31m
Start test 24?[0m
How many mines do you want on the field?> 2
Congratulations! You found all the mines!
?[1;31m
Start test 25?[0m
How many mines do you want on the field?> 2
Congratulations! You found all the mines!
?[1;31m
Start test 26?[0m
How many mines do you want on the field?> 2
Congratulations! You found all the mines!
?[1;31m
Start test 27?[0m
How many mines do you want on the field?> 2
Congratulations! You found all the mines!
?[1;31m
Start test 28?[0m
How many mines do you want on the field?> 2
Congratulations! You found all the mines!
?[1;31m
Start test 29?[0m
How many mines do you want on the field?> 2
Congratulations! You found all the mines!
?[1;31m
Start test 30?[0m
How many mines do you want on the field?> 2
Congratulations! You found all the mines!
?[1;31m
Start test 31?[0m
How many mines do you want on the field?> 2
Congratulations! You found all the mines!
?[1;31m
Start test 32?[0m
How many mines do you want on the field?> 2
Congratulations! You found all the mines!
?[1;31m
Start test 33?[0m
How many mines do you want on the field?> 2
Congratulations! You found all the mines!
?[1;31m
Start test 34?[0m
How many mines do you want on the field?> 2
Congratulations! You found all the mines!
?[1;31m
Start test 35?[0m
How many mines do you want on the field?> 2
Congratulations! You found all the mines!
?[1;31m
Start test 36?[0m
How many mines do you want on the field?> 2
Congratulations! You found all the mines!
?[1;31m
Start test 37?[0m
How many mines do you want on the field?> 2
Congratulations! You found all the mines!
?[1;31m
Start test 38?[0m
How many mines do you want on the field?> 2
Congratulations! You found all the mines!
?[1;31m
Start test 39?[0m
How many mines do you want on the field?> 2
Congratulations! You found all the mines!
?[1;31m
Start test 40?[0m
How many mines do you want on the field?> 2
Congratulations! You found all the mines!
?[1;31m
Start test 41?[0m
How many mines do you want on the field?> 3
Congratulations! You found all the mines!
?[1;31m
Start test 42?[0m
How many mines do you want on the field?> 3
Congratulations! You found all the mines!
?[1;31m
Start test 43?[0m
How many mines do you want on the field?> 3
Congratulations! You found all the mines!
?[1;31m
Start test 44?[0m
How many mines do you want on the field?> 3
Congratulations! You found all the mines!
?[1;31m
Start test 45?[0m
How many mines do you want on the field?> 3
Congratulations! You found all the mines!
?[1;31m
Start test 46?[0m
How many mines do you want on the field?> 3
Congratulations! You found all the mines!
?[1;31m
Start test 47?[0m
How many mines do you want on the field?> 3
Congratulations! You found all the mines!
?[1;31m
Start test 48?[0m
How many mines do you want on the field?> 3
Congratulations! You found all the mines!
?[1;31m
Start test 49?[0m
How many mines do you want on the field?> 3
Congratulations! You found all the mines!
?[1;31m
Start test 50?[0m
How many mines do you want on the field?> 3
Congratulations! You found all the mines!
?[1;31m
Start test 51?[0m
How many mines do you want on the field?> 3
Congratulations! You found all the mines!
?[1;31m
Start test 52?[0m
How many mines do you want on the field?> 3
Congratulations! You found all the mines!
?[1;31m
Start test 53?[0m
How many mines do you want on the field?> 3
Congratulations! You found all the mines!
?[1;31m
Start test 54?[0m
How many mines do you want on the field?> 3
Congratulations! You found all the mines!
?[1;31m
Start test 55?[0m
How many mines do you want on the field?> 3
Congratulations! You found all the mines!
?[1;31m
Start test 56?[0m
How many mines do you want on the field?> 3
Congratulations! You found all the mines!
?[1;31m
Start test 57?[0m
How many mines do you want on the field?> 3
Congratulations! You found all the mines!
?[1;31m
Start test 58?[0m
How many mines do you want on the field?> 3
Congratulations! You found all the mines!
?[1;31m
Start test 59?[0m
How many mines do you want on the field?> 3
Congratulations! You found all the mines!
?[1;31m
Start test 60?[0m
How many mines do you want on the field?> 3
Congratulations! You found all the mines!
?[1;31m
Start test 61?[0m
How many mines do you want on the field?> 4
Congratulations! You found all the mines!
?[1;31m
Start test 62?[0m
How many mines do you want on the field?> 4
Congratulations! You found all the mines!
?[1;31m
Start test 63?[0m
How many mines do you want on the field?> 4
Congratulations! You found all the mines!
?[1;31m
Start test 64?[0m
How many mines do you want on the field?> 4
Congratulations! You found all the mines!
?[1;31m
Start test 65?[0m
How many mines do you want on the field?> 4
Congratulations! You found all the mines!
?[1;31m
Start test 66?[0m
How many mines do you want on the field?> 4
Congratulations! You found all the mines!
?[1;31m
Start test 67?[0m
How many mines do you want on the field?> 4
Congratulations! You found all the mines!
?[1;31m
Start test 68?[0m
How many mines do you want on the field?> 4
Congratulations! You found all the mines!
?[1;31m
Start test 69?[0m
How many mines do you want on the field?> 4
Congratulations! You found all the mines!
?[1;31m
Start test 70?[0m
How many mines do you want on the field?> 4
Congratulations! You found all the mines!
?[1;31m
Start test 71?[0m
How many mines do you want on the field?> 4
Congratulations! You found all the mines!
?[1;31m
Start test 72?[0m
How many mines do you want on the field?> 4
Congratulations! You found all the mines!
?[1;31m
Start test 73?[0m
How many mines do you want on the field?> 4
Congratulations! You found all the mines!
?[1;31m
Start test 74?[0m
How many mines do you want on the field?> 4
Congratulations! You found all the mines!
?[1;31m
Start test 75?[0m
How many mines do you want on the field?> 4
Congratulations! You found all the mines!
?[1;31m
Start test 76?[0m
How many mines do you want on the field?> 4
Congratulations! You found all the mines!
?[1;31m
Start test 77?[0m
How many mines do you want on the field?> 4
Congratulations! You found all the mines!
?[1;31m
Start test 78?[0m
How many mines do you want on the field?> 4
Congratulations! You found all the mines!
?[1;31m
Start test 79?[0m
How many mines do you want on the field?> 4
Congratulations! You found all the mines!
?[1;31m
Start test 80?[0m
How many mines do you want on the field?> 4
Congratulations! You found all the mines!
?[1;31m
Start test 81?[0m
How many mines do you want on the field?> 5
Congratulations! You found all the mines!
?[1;31m
Start test 82?[0m
How many mines do you want on the field?> 5
Congratulations! You found all the mines!
?[1;31m
Start test 83?[0m
How many mines do you want on the field?> 6
Congratulations! You found all the mines!
?[1;31m
Start test 84?[0m
How many mines do you want on the field?> 6
Congratulations! You found all the mines!
?[1;31m
Start test 85?[0m
How many mines do you want on the field?> 7
Congratulations! You found all the mines!
?[1;31m
Start test 86?[0m
How many mines do you want on the field?> 7
Congratulations! You found all the mines!
?[1;31m
Start test 87?[0m
How many mines do you want on the field?> 8
Congratulations! You found all the mines!
?[1;31m
Start test 88?[0m
How many mines do you want on the field?> 8
Congratulations! You found all the mines!
?[1;31m
Start test 89?[0m
How many mines do you want on the field?> 9
Congratulations! You found all the mines!
?[1;31m
Start test 90?[0m
How many mines do you want on the field?> 9
Congratulations! You found all the mines!
?[1;31m
Start test 91?[0m
How many mines do you want on the field?> 10
Congratulations! You found all the mines!
?[1;31m
Start test 92?[0m
How many mines do you want on the field?> 10
Congratulations! You found all the mines!
?[1;31m
Start test 93?[0m
How many mines do you want on the field?> 15
Congratulations! You found all the mines!
?[1;31m
Start test 94?[0m
How many mines do you want on the field?> 15
Congratulations! You found all the mines!
?[1;31m
Start test 95?[0m
How many mines do you want on the field?> 20
Congratulations! You found all the mines!
?[1;31m
Start test 96?[0m
How many mines do you want on the field?> 20
Congratulations! You found all the mines!
?[1;31m
Start test 97?[0m
How many mines do you want on the field?> 25
Congratulations! You found all the mines!
?[1;31m
Start test 98?[0m
How many mines do you want on the field?> 25
Congratulations! You found all the mines!
?[1;31m
Start test 99?[0m
How many mines do you want on the field?> 30
Congratulations! You found all the mines!
?[1;31m
Start test 100?[0m
How many mines do you want on the field?> 30
Congratulations! You found all the mines!
?[1;31m
Start test 101?[0m
How many mines do you want on the field?> 35
Congratulations! You found all the mines!
?[1;31m
Start test 102?[0m
How many mines do you want on the field?> 35
Congratulations! You found all the mines!
?[1;31m
Start test 103?[0m
How many mines do you want on the field?> 40
Congratulations! You found all the mines!
?[1;31m
Start test 104?[0m
How many mines do you want on the field?> 40
Congratulations! You found all the mines!
?[1;31m
Start test 105?[0m
How many mines do you want on the field?> 45
Congratulations! You found all the mines!
?[1;31m
Start test 106?[0m
How many mines do you want on the field?> 45
Congratulations! You found all the mines!
?[1;31m
Start test 107?[0m
How many mines do you want on the field?> 50
Congratulations! You found all the mines!
?[1;31m
Start test 108?[0m
How many mines do you want on the field?> 50
Congratulations! You found all the mines!
?[1;31m
Start test 109?[0m
How many mines do you want on the field?> 55
Congratulations! You found all the mines!
?[1;31m
Start test 110?[0m
How many mines do you want on the field?> 55
Congratulations! You found all the mines!
?[1;31m
Start test 111?[0m
How many mines do you want on the field?> 60
Congratulations! You found all the mines!
?[1;31m
Start test 112?[0m
How many mines do you want on the field?> 60
Congratulations! You found all the mines!
?[1;31m
Start test 113?[0m
How many mines do you want on the field?> 65
Congratulations! You found all the mines!
?[1;31m
Start test 114?[0m
How many mines do you want on the field?> 65
Congratulations! You found all the mines!
]]></system-out>
  <system-err><![CDATA[]]></system-err>
</testsuite>
